<?xml version="1.0" encoding="UTF-8"?>
<!-- Generated by org.testng.reporters.JUnitXMLReporter -->
<testsuite ignored="0" hostname="LAPTOP-ATRE6C6M" failures="0" tests="3" name="Test" time="272.438" errors="0" timestamp="2023-07-24T12:28:16 IST">
  <testcase classname="tests.Suptailslogintest" name="test" time="19.409"/>
  <testcase classname="tests.Productselectiontest" name="test" time="89.934"/>
  <testcase classname="tests.Purchasetest" name="test" time="128.908"/>
</testsuite> <!-- Test -->
